<?xml version="1.0" encoding="UTF-8"?>
<testsuite xmlns:xsi="http://www.w3.org/2001/XMLSchema-instance" xsi:noNamespaceSchemaLocation="https://maven.apache.org/surefire/maven-surefire-plugin/xsd/surefire-test-report.xsd" name="org.atiuleneva.dz4.DZ4_JunitTest" time="0.03" tests="5" errors="0" skipped="0" failures="0">
  <properties>
[...]
</properties>
  <testcase name="testNaN_triangleSquare_thenIllegalArgumentException" classname="org.atiuleneva.dz4.DZ4_JunitTest" time="0.003"/>
  <testcase name="testImpossibleHugeSideTriangle_triangleSquare_thenImpossibleTriangleHugeSideException" classname="org.atiuleneva.dz4.DZ4_JunitTest" time="0.002"/>
  <testcase name="testScaleneTriangle_triangleSquare_thenSqr" classname="org.atiuleneva.dz4.DZ4_JunitTest" time="0.003"/>
  <testcase name="testImpossibleTriangle_triangleSquare_thenImpossibleTriangleException" classname="org.atiuleneva.dz4.DZ4_JunitTest" time="0.002"/>
  <testcase name="testScaleneTriangleWithFloat_triangleSquare_thenSqr" classname="org.atiuleneva.dz4.DZ4_JunitTest" time="0.002"/>
</testsuite>